000 (5658261.000.000) 11/17 15:09:49 Job submitted from host: <10.10.10.12:58426>
...
000 (5658262.000.000) 11/17 15:09:49 Job submitted from host: <10.10.10.12:58426>
...
000 (5658263.000.000) 11/17 15:09:49 Job submitted from host: <10.10.10.12:58426>
...
000 (5658264.000.000) 11/17 15:09:50 Job submitted from host: <10.10.10.12:58426>
...
000 (5658265.000.000) 11/17 15:09:50 Job submitted from host: <10.10.10.12:58426>
...
000 (5658266.000.000) 11/17 15:09:50 Job submitted from host: <10.10.10.12:58426>
...
000 (5658267.000.000) 11/17 15:09:50 Job submitted from host: <10.10.10.12:58426>
...
000 (5658268.000.000) 11/17 15:09:50 Job submitted from host: <10.10.10.12:58426>
...
000 (5658269.000.000) 11/17 15:09:50 Job submitted from host: <10.10.10.12:58426>
...
001 (5658261.000.000) 11/17 15:09:53 Job executing on host: <10.2.3.11:35586>
...
006 (5658261.000.000) 11/17 15:09:53 Image size of job updated: 1
	0  -  MemoryUsage of job (MB)
	0  -  ResidentSetSize of job (KB)
...
001 (5658262.000.000) 11/17 15:09:53 Job executing on host: <10.2.5.3:33140>
...
006 (5658262.000.000) 11/17 15:09:53 Image size of job updated: 1
	0  -  MemoryUsage of job (MB)
	0  -  ResidentSetSize of job (KB)
...
005 (5658261.000.000) 11/17 15:09:54 Job terminated.
	(1) Normal termination (return value 0)
		Usr 0 00:00:00, Sys 0 00:00:00  -  Run Remote Usage
		Usr 0 00:00:00, Sys 0 00:00:00  -  Run Local Usage
		Usr 0 00:00:00, Sys 0 00:00:00  -  Total Remote Usage
		Usr 0 00:00:00, Sys 0 00:00:00  -  Total Local Usage
	4  -  Run Bytes Sent By Job
	21  -  Run Bytes Received By Job
	4  -  Total Bytes Sent By Job
	21  -  Total Bytes Received By Job
	Partitionable Resources :    Usage  Request Allocated
	   Cpus                 :                 1         1
	   Disk (KB)            :        8        1  33289040
	   Memory (MB)          :        0        1      1500
...
005 (5658262.000.000) 11/17 15:09:54 Job terminated.
	(1) Normal termination (return value 0)
		Usr 0 00:00:00, Sys 0 00:00:00  -  Run Remote Usage
		Usr 0 00:00:00, Sys 0 00:00:00  -  Run Local Usage
		Usr 0 00:00:00, Sys 0 00:00:00  -  Total Remote Usage
		Usr 0 00:00:00, Sys 0 00:00:00  -  Total Local Usage
	4  -  Run Bytes Sent By Job
	21  -  Run Bytes Received By Job
	4  -  Total Bytes Sent By Job
	21  -  Total Bytes Received By Job
	Partitionable Resources :    Usage  Request Allocated
	   Cpus                 :                 1         1
	   Disk (KB)            :        8        1  18704746
	   Memory (MB)          :        0        1      2300
...
001 (5658263.000.000) 11/17 15:09:55 Job executing on host: <10.2.3.11:35586>
...
006 (5658263.000.000) 11/17 15:09:55 Image size of job updated: 1
	0  -  MemoryUsage of job (MB)
	0  -  ResidentSetSize of job (KB)
...
001 (5658264.000.000) 11/17 15:09:55 Job executing on host: <10.2.5.3:33140>
...
006 (5658264.000.000) 11/17 15:09:55 Image size of job updated: 1
	0  -  MemoryUsage of job (MB)
	0  -  ResidentSetSize of job (KB)
...
005 (5658263.000.000) 11/17 15:09:56 Job terminated.
	(1) Normal termination (return value 0)
		Usr 0 00:00:00, Sys 0 00:00:00  -  Run Remote Usage
		Usr 0 00:00:00, Sys 0 00:00:00  -  Run Local Usage
		Usr 0 00:00:00, Sys 0 00:00:00  -  Total Remote Usage
		Usr 0 00:00:00, Sys 0 00:00:00  -  Total Local Usage
	4  -  Run Bytes Sent By Job
	21  -  Run Bytes Received By Job
	4  -  Total Bytes Sent By Job
	21  -  Total Bytes Received By Job
	Partitionable Resources :    Usage  Request Allocated
	   Cpus                 :                 1         1
	   Disk (KB)            :        9        1  33289040
	   Memory (MB)          :        0        1      1500
...
005 (5658264.000.000) 11/17 15:09:57 Job terminated.
	(1) Normal termination (return value 0)
		Usr 0 00:00:00, Sys 0 00:00:00  -  Run Remote Usage
		Usr 0 00:00:00, Sys 0 00:00:00  -  Run Local Usage
		Usr 0 00:00:00, Sys 0 00:00:00  -  Total Remote Usage
		Usr 0 00:00:00, Sys 0 00:00:00  -  Total Local Usage
	4  -  Run Bytes Sent By Job
	21  -  Run Bytes Received By Job
	4  -  Total Bytes Sent By Job
	21  -  Total Bytes Received By Job
	Partitionable Resources :    Usage  Request Allocated
	   Cpus                 :                 1         1
	   Disk (KB)            :        9        1  18704746
	   Memory (MB)          :        0        1      2300
...
001 (5658265.000.000) 11/17 15:09:58 Job executing on host: <10.2.3.11:35586>
...
006 (5658265.000.000) 11/17 15:09:58 Image size of job updated: 1
	0  -  MemoryUsage of job (MB)
	0  -  ResidentSetSize of job (KB)
...
001 (5658266.000.000) 11/17 15:09:58 Job executing on host: <10.2.5.3:33140>
...
006 (5658266.000.000) 11/17 15:09:58 Image size of job updated: 1
	0  -  MemoryUsage of job (MB)
	0  -  ResidentSetSize of job (KB)
...
005 (5658265.000.000) 11/17 15:09:59 Job terminated.
	(1) Normal termination (return value 0)
		Usr 0 00:00:00, Sys 0 00:00:00  -  Run Remote Usage
		Usr 0 00:00:00, Sys 0 00:00:00  -  Run Local Usage
		Usr 0 00:00:00, Sys 0 00:00:00  -  Total Remote Usage
		Usr 0 00:00:00, Sys 0 00:00:00  -  Total Local Usage
	4  -  Run Bytes Sent By Job
	21  -  Run Bytes Received By Job
	4  -  Total Bytes Sent By Job
	21  -  Total Bytes Received By Job
	Partitionable Resources :    Usage  Request Allocated
	   Cpus                 :                 1         1
	   Disk (KB)            :        9        1  33289040
	   Memory (MB)          :        0        1      1500
...
005 (5658266.000.000) 11/17 15:09:59 Job terminated.
	(1) Normal termination (return value 0)
		Usr 0 00:00:00, Sys 0 00:00:00  -  Run Remote Usage
		Usr 0 00:00:00, Sys 0 00:00:00  -  Run Local Usage
		Usr 0 00:00:00, Sys 0 00:00:00  -  Total Remote Usage
		Usr 0 00:00:00, Sys 0 00:00:00  -  Total Local Usage
	4  -  Run Bytes Sent By Job
	21  -  Run Bytes Received By Job
	4  -  Total Bytes Sent By Job
	21  -  Total Bytes Received By Job
	Partitionable Resources :    Usage  Request Allocated
	   Cpus                 :                 1         1
	   Disk (KB)            :        9        1  18704746
	   Memory (MB)          :        0        1      2300
...
001 (5658267.000.000) 11/17 15:10:00 Job executing on host: <10.2.3.11:35586>
...
006 (5658267.000.000) 11/17 15:10:00 Image size of job updated: 1
	0  -  MemoryUsage of job (MB)
	0  -  ResidentSetSize of job (KB)
...
001 (5658268.000.000) 11/17 15:10:00 Job executing on host: <10.2.5.3:33140>
...
006 (5658268.000.000) 11/17 15:10:00 Image size of job updated: 1
	0  -  MemoryUsage of job (MB)
	0  -  ResidentSetSize of job (KB)
...
005 (5658267.000.000) 11/17 15:10:01 Job terminated.
	(1) Normal termination (return value 0)
		Usr 0 00:00:00, Sys 0 00:00:00  -  Run Remote Usage
		Usr 0 00:00:00, Sys 0 00:00:00  -  Run Local Usage
		Usr 0 00:00:00, Sys 0 00:00:00  -  Total Remote Usage
		Usr 0 00:00:00, Sys 0 00:00:00  -  Total Local Usage
	4  -  Run Bytes Sent By Job
	21  -  Run Bytes Received By Job
	4  -  Total Bytes Sent By Job
	21  -  Total Bytes Received By Job
	Partitionable Resources :    Usage  Request Allocated
	   Cpus                 :                 1         1
	   Disk (KB)            :        9        1  33289040
	   Memory (MB)          :        0        1      1500
...
005 (5658268.000.000) 11/17 15:10:01 Job terminated.
	(1) Normal termination (return value 0)
		Usr 0 00:00:00, Sys 0 00:00:00  -  Run Remote Usage
		Usr 0 00:00:00, Sys 0 00:00:00  -  Run Local Usage
		Usr 0 00:00:00, Sys 0 00:00:00  -  Total Remote Usage
		Usr 0 00:00:00, Sys 0 00:00:00  -  Total Local Usage
	4  -  Run Bytes Sent By Job
	21  -  Run Bytes Received By Job
	4  -  Total Bytes Sent By Job
	21  -  Total Bytes Received By Job
	Partitionable Resources :    Usage  Request Allocated
	   Cpus                 :                 1         1
	   Disk (KB)            :        9        1  18704746
	   Memory (MB)          :        0        1      2300
...
001 (5658269.000.000) 11/17 15:10:02 Job executing on host: <10.2.3.11:35586>
...
006 (5658269.000.000) 11/17 15:10:03 Image size of job updated: 1
	0  -  MemoryUsage of job (MB)
	0  -  ResidentSetSize of job (KB)
...
005 (5658269.000.000) 11/17 15:10:04 Job terminated.
	(1) Normal termination (return value 0)
		Usr 0 00:00:00, Sys 0 00:00:00  -  Run Remote Usage
		Usr 0 00:00:00, Sys 0 00:00:00  -  Run Local Usage
		Usr 0 00:00:00, Sys 0 00:00:00  -  Total Remote Usage
		Usr 0 00:00:00, Sys 0 00:00:00  -  Total Local Usage
	4  -  Run Bytes Sent By Job
	21  -  Run Bytes Received By Job
	4  -  Total Bytes Sent By Job
	21  -  Total Bytes Received By Job
	Partitionable Resources :    Usage  Request Allocated
	   Cpus                 :                 1         1
	   Disk (KB)            :        9        1  33289040
	   Memory (MB)          :        0        1      1500
...
